<?xml version="1.0" encoding="UTF-8"?>
<testng-results ignored="0" total="2" passed="2" failed="0" skipped="0">
  <reporter-output>
  </reporter-output>
  <suite started-at="2022-06-06T12:25:34 PET" name="Suite" finished-at="2022-06-06T12:25:49 PET" duration-ms="14977">
    <groups>
    </groups>
    <test started-at="2022-06-06T12:25:34 PET" name="Test" finished-at="2022-06-06T12:25:49 PET" duration-ms="14977">
      <class name="testng.TC_1B">
        <test-method signature="google()[pri:0, instance:testng.TC_1B@1534f01b]" started-at="2022-06-06T12:25:42 PET" name="google" finished-at="2022-06-06T12:25:49 PET" duration-ms="6926" status="PASS">
          <reporter-output>
          </reporter-output>
        </test-method> <!-- google -->
      </class> <!-- testng.TC_1B -->
      <class name="testng.TC_1A">
        <test-method signature="google()[pri:0, instance:testng.TC_1A@3967e60c]" started-at="2022-06-06T12:25:34 PET" name="google" finished-at="2022-06-06T12:25:42 PET" duration-ms="8005" status="PASS">
          <reporter-output>
          </reporter-output>
        </test-method> <!-- google -->
      </class> <!-- testng.TC_1A -->
    </test> <!-- Test -->
  </suite> <!-- Suite -->
</testng-results>
