<?xml version="1.0" encoding="UTF-8"?>
<testsuite xmlns:xsi="http://www.w3.org/2001/XMLSchema-instance" xsi:noNamespaceSchemaLocation="https://maven.apache.org/surefire/maven-surefire-plugin/xsd/surefire-test-report-3.0.xsd" version="3.0" name="TestSuite" time="15.451" tests="2" errors="0" skipped="0" failures="0">
  <properties>
[...]
</properties>
  <testcase name="google" classname="testng.TC_1A" time="8.005">
    <system-out><![CDATA[La fecha2022-06-06_H12_M25
 statusLa fecha2022-06-06_H12_M25
 status
 ---Inicializar captura--
 ---Inicializar captura--
 ---finalizo correctamente--]]></system-out>
    <system-err><![CDATA[SLF4J: Failed to load class "org.slf4j.impl.StaticLoggerBinder".
SLF4J: Defaulting to no-operation (NOP) logger implementation
SLF4J: See http://www.slf4j.org/codes.html#StaticLoggerBinder for further details.
Starting ChromeDriver 101.0.4951.41 (93c720db8323b3ec10d056025ab95c23a31997c9-refs/branch-heads/4951@{#904}) on port 19669
Only local connections are allowed.
Please see https://chromedriver.chromium.org/security-considerations for suggestions on keeping ChromeDriver safe.
ChromeDriver was started successfully.
[1654536335.547][WARNING]: This version of ChromeDriver has not been tested with Chrome version 102.
jun. 06, 2022 12:25:35 P. M. org.openqa.selenium.remote.ProtocolHandshake createSession
INFO: Detected dialect: W3C
]]></system-err>
  </testcase>
  <testcase name="google" classname="testng.TC_1B" time="6.926">
    <system-out><![CDATA[La fecha2022-06-06_H12_M25
 statusLa fecha2022-06-06_H12_M25
 status
 ---Inicializar captura--
 ---Inicializar captura--
 ---finalizo correctamente--]]></system-out>
    <system-err><![CDATA[Starting ChromeDriver 101.0.4951.41 (93c720db8323b3ec10d056025ab95c23a31997c9-refs/branch-heads/4951@{#904}) on port 41108
Only local connections are allowed.
Please see https://chromedriver.chromium.org/security-considerations for suggestions on keeping ChromeDriver safe.
ChromeDriver was started successfully.
[1654536343.030][WARNING]: This version of ChromeDriver has not been tested with Chrome version 102.
jun. 06, 2022 12:25:43 P. M. org.openqa.selenium.remote.ProtocolHandshake createSession
INFO: Detected dialect: W3C
]]></system-err>
  </testcase>
</testsuite>